<?xml version="1.0" encoding="UTF-8"?>
<!-- Generated by org.testng.reporters.JUnitReportReporter -->
<testsuite skipped="0" hostname="PBLAP761" name="com.policybazaar.qa.TermTestCases.PolicyBazaarTermPreQuotesPageTestCase" tests="1" failures="0" timestamp="2022-02-11T16:29:06 IST" time="21.250" errors="0">
  <testcase name="verifyLoginPageWithCredentials" time="21.250" classname="com.policybazaar.qa.TermTestCases.PolicyBazaarTermPreQuotesPageTestCase"/>
  <system-out/>
</testsuite> <!-- com.policybazaar.qa.TermTestCases.PolicyBazaarTermPreQuotesPageTestCase -->
