<?xml version="1.0" encoding="UTF-8"?>
<!-- Generated by org.testng.reporters.JUnitReportReporter -->
<testsuite hostname="PBLAP761" failures="0" tests="1" name="com.policybazaar.qa.testCases.PolicyBazaarPreQuotesPageTestCase" time="13.330" errors="0" timestamp="2021-12-14T12:27:35 IST" skipped="0">
  <testcase classname="com.policybazaar.qa.testCases.PolicyBazaarPreQuotesPageTestCase" name="verifyLoginPageWithCredentials" time="13.330"/>
  <system-out/>
</testsuite> <!-- com.policybazaar.qa.testCases.PolicyBazaarPreQuotesPageTestCase -->
