<?xml version="1.0" encoding="UTF-8"?>
<!-- Generated by org.testng.reporters.JUnitReportReporter -->
<testsuite skipped="0" hostname="PBLAP761" name="com.policybazaar.qa.TermTestCases.PolicyBazaarUpgradePlanPageTestCase" tests="1" failures="0" timestamp="2022-02-10T15:43:23 IST" time="165.404" errors="0">
  <testcase name="validateUpgradePlanPage" time="165.404" classname="com.policybazaar.qa.TermTestCases.PolicyBazaarUpgradePlanPageTestCase"/>
  <system-out/>
</testsuite> <!-- com.policybazaar.qa.TermTestCases.PolicyBazaarUpgradePlanPageTestCase -->
