<?xml version="1.0" encoding="UTF-8"?>
<!-- Generated by org.testng.reporters.JUnitReportReporter -->
<testsuite skipped="0" hostname="PBLAP761" name="com.policybazaar.qa.InvestmentTestCases.PolicyBazaarInvestmentPreQuotesPageTestCase" tests="1" failures="0" timestamp="2022-02-11T18:15:21 IST" time="16.893" errors="0">
  <testcase name="verifyLoginPageWithCredentials" time="16.893" classname="com.policybazaar.qa.InvestmentTestCases.PolicyBazaarInvestmentPreQuotesPageTestCase"/>
  <system-out/>
</testsuite> <!-- com.policybazaar.qa.InvestmentTestCases.PolicyBazaarInvestmentPreQuotesPageTestCase -->
