<?xml version="1.0" encoding="UTF-8"?>
<!-- Generated by org.testng.reporters.JUnitReportReporter -->
<testsuite hostname="PBLAP761" failures="0" tests="1" name="com.policybazaar.qa.testCases.PolicyBzaarLoginPageTestCase" time="15.638" errors="0" timestamp="2021-12-10T10:41:04 IST" skipped="0">
  <testcase classname="com.policybazaar.qa.testCases.PolicyBzaarLoginPageTestCase" name="verifyLoginPageWithCredentials" time="15.638"/>
  <system-out/>
</testsuite> <!-- com.policybazaar.qa.testCases.PolicyBzaarLoginPageTestCase -->
