<?xml version="1.0" encoding="UTF-8"?>
<!-- Generated by org.testng.reporters.JUnitReportReporter -->
<testsuite skipped="0" hostname="PBLAP761" name="com.policybazaar.qa.testCases.PolicyBazaarQuotesPageTestCase" tests="1" failures="0" timestamp="2022-02-10T15:20:40 IST" time="93.636" errors="0">
  <testcase name="validateClickOnProduct" time="93.636" classname="com.policybazaar.qa.testCases.PolicyBazaarQuotesPageTestCase"/>
  <system-out/>
</testsuite> <!-- com.policybazaar.qa.testCases.PolicyBazaarQuotesPageTestCase -->
