<?xml version="1.0" encoding="UTF-8"?>
<!-- Generated by org.testng.reporters.JUnitReportReporter -->
<testsuite hostname="PBLAP761" failures="0" tests="1" name="com.policybazaar.qa.testCases.PolicyBazaarYourDetailPageTestCase" time="114.685" errors="0" timestamp="2021-12-21T15:52:11 IST" skipped="0">
  <testcase classname="com.policybazaar.qa.testCases.PolicyBazaarYourDetailPageTestCase" name="validateProductPage" time="114.685"/>
  <system-out/>
</testsuite> <!-- com.policybazaar.qa.testCases.PolicyBazaarYourDetailPageTestCase -->
