<?xml version="1.0" encoding="UTF-8"?>
<!-- Generated by org.testng.reporters.JUnitReportReporter -->
<testsuite hostname="PBLAP761" failures="0" tests="1" name="com.policybazaar.qa.testCases.PolicyBazaarHomePageTestCase" time="23.790" errors="0" timestamp="2021-12-10T15:21:13 IST" skipped="0">
  <testcase classname="com.policybazaar.qa.testCases.PolicyBazaarHomePageTestCase" name="validateCloseBtn" time="23.790"/>
  <system-out/>
</testsuite> <!-- com.policybazaar.qa.testCases.PolicyBazaarHomePageTestCase -->
