<?xml version="1.0" encoding="UTF-8"?>
<!-- Generated by org.testng.reporters.JUnitReportReporter -->
<testsuite skipped="0" hostname="PBLAP761" name="com.policybazaar.qa.testCases.PolicyBazaarTermPreQuotesPageTestCase" tests="1" failures="0" timestamp="2022-02-10T15:20:40 IST" time="19.718" errors="0">
  <testcase name="verifyLoginPageWithCredentials" time="19.718" classname="com.policybazaar.qa.testCases.PolicyBazaarTermPreQuotesPageTestCase"/>
  <system-out/>
</testsuite> <!-- com.policybazaar.qa.testCases.PolicyBazaarTermPreQuotesPageTestCase -->
