<?xml version="1.0" encoding="UTF-8"?>
<!-- Generated by org.testng.reporters.JUnitReportReporter -->
<testsuite skipped="0" hostname="DESKTOP-S8SMOAJ" name="Parameterization.TestNGParameterizationExcel" tests="3" failures="0" timestamp="2021-08-03T12:29:32 IST" time="0.021" errors="0">
  <testcase name="Test_01" time="0.006" classname="Parameterization.TestNGParameterizationExcel"/>
  <system-out/>
  <testcase name="Test_01" time="0.006" classname="Parameterization.TestNGParameterizationExcel"/>
  <system-out/>
  <testcase name="Test_01" time="0.009" classname="Parameterization.TestNGParameterizationExcel"/>
  <system-out/>
</testsuite> <!-- Parameterization.TestNGParameterizationExcel -->
