<?xml version="1.0" encoding="UTF-8"?>
<!-- Generated by org.testng.reporters.JUnitReportReporter -->
<testsuite skipped="0" hostname="DESKTOP-S8SMOAJ" name="Parameterization.TestParameterization" tests="3" failures="0" timestamp="2021-08-02T21:38:10 IST" time="0.039" errors="0">
  <testcase name="Test_01" time="0.004" classname="Parameterization.TestParameterization"/>
  <system-out/>
  <testcase name="Test_01" time="0.031" classname="Parameterization.TestParameterization"/>
  <system-out/>
  <testcase name="Test_01" time="0.004" classname="Parameterization.TestParameterization"/>
  <system-out/>
</testsuite> <!-- Parameterization.TestParameterization -->
